[debug] > Exec(early(addDefaultCommands), None, None)
[debug] > Exec(addDefaultCommands, None, None)
[debug] > Exec(early(initialize), None, None)
[debug] > Exec(initialize, None, None)
[debug] > Exec(boot, None, None)
[debug] > Exec(writeSbtVersion, None, None)
[debug] > Exec(reload, None, None)
[debug] > Exec(sbtStashOnFailure, None, None)
[debug] > Exec(onFailure loadFailed, None, None)
[debug] > Exec(loadp, None, None)
[info] welcome to sbt 1.4.2 (Oracle Corporation Java 13.0.1)
[debug]       Load.loadUnit: plugins took 254.3776ms
[debug]       Load.loadUnit: defsScala took 1.6698ms
[debug] [Loading] Scanning directory C:\Users\Kamil\.sbt\1.0\plugins
[debug] [Loading] Found non-root projects 
[debug] [Loading] Done in C:\Users\Kamil\.sbt\1.0\plugins, returning: ()
[debug] deducing auto plugins based on known facts Set(Atom(sbt.plugins.CorePlugin)) and clauses Clauses(List(Clause(Atom(sbt.plugins.JvmPlugin),Set(Atom(sbt.plugins.IvyPlugin))), Clause(Atom(sbt.ScriptedPlugin),Set(Atom(sbt.plugins.JvmPlugin))), Clause(Atom(sbt.plugins.SbtPlugin),Set(Atom(sbt.ScriptedPlugin))), Clause(Atom(sbt.plugins.SemanticdbPlugin),Set(Atom(sbt.plugins.JvmPlugin))), Clause(Atom(sbt.plugins.JUnitXmlReportPlugin),Set(Atom(sbt.plugins.JvmPlugin))), Clause(Atom(sbt.plugins.MiniDependencyTreePlugin),Set(Atom(sbt.plugins.JvmPlugin))), Clause(Atom(sbt.plugins.CorePlugin),Set(Atom(sbt.plugins.IvyPlugin))), Clause(Atom(sbt.plugins.IvyPlugin),Set(Atom(sbt.plugins.JvmPlugin))), Clause(Atom(sbt.plugins.JvmPlugin),Set(Atom(sbt.plugins.SemanticdbPlugin))), Clause(Atom(sbt.plugins.JvmPlugin),Set(Atom(sbt.plugins.JUnitXmlReportPlugin))), Clause(Atom(sbt.plugins.CorePlugin),Set(Atom(sbt.plugins.Giter8TemplatePlugin))), Clause(Atom(sbt.plugins.JvmPlugin),Set(Atom(sbt.plugins.MiniDependencyTreePlugin)))))
[debug]   :: deduced result: Matched(sbt.plugins.CorePlugin,sbt.plugins.Giter8TemplatePlugin,sbt.plugins.IvyPlugin,sbt.plugins.JvmPlugin,sbt.plugins.MiniDependencyTreePlugin,sbt.plugins.JUnitXmlReportPlugin,sbt.plugins.SemanticdbPlugin)
[debug] Plugins.deducer#function took 32.8764 ms
[debug]           Load.resolveProject(global-plugins) took 65.9146ms
[debug]         Load.loadTransitive: finalizeProject(Project(id global-plugins, base: C:\Users\Kamil\.sbt\1.0\plugins, plugins: List(<none>))) took 163.3665ms
[debug] [Loading] Done in C:\Users\Kamil\.sbt\1.0\plugins, returning: (global-plugins)
[debug]       Load.loadUnit: loadedProjectsRaw took 239.0522ms
[debug]       Load.loadUnit: cleanEvalClasses took 0.342ms
[debug]     Load.loadUnit(file:/C:/Users/Kamil/.sbt/1.0/plugins/, ...) took 531.1431ms
[debug]   Load.apply: load took 790.0326ms
[debug]   Load.apply: resolveProjects took 9.4888ms
[debug]   Load.apply: finalTransforms took 77.7292ms
[debug]   Load.apply: config.delegates took 12.6507ms
[debug]   Load.apply: Def.make(settings)... took 1208.6728ms
[debug]   Load.apply: structureIndex took 200.8497ms
[debug]   Load.apply: mkStreams took 2.4911ms
[info] loading global plugins from C:\Users\Kamil\.sbt\1.0\plugins
[debug] Running task... Cancel: Signal, check cycles: false, forcegc: true
[debug] Load.defaultLoad until apply took 4419.3619ms
[debug]           Load.loadUnit: plugins took 27.1553ms
[debug]           Load.loadUnit: defsScala took 0.0035ms
[debug] [Loading] Scanning directory C:\Users\Kamil\Desktop\teoria współbieżności\zd5_6\project
[debug] [Loading] Found non-root projects 
[debug] [Loading] Done in C:\Users\Kamil\Desktop\teoria współbieżności\zd5_6\project, returning: ()
[debug] deducing auto plugins based on known facts Set(Atom(sbt.plugins.CorePlugin)) and clauses Clauses(List(Clause(Atom(sbt.plugins.JvmPlugin),Set(Atom(sbt.plugins.IvyPlugin))), Clause(Atom(sbt.ScriptedPlugin),Set(Atom(sbt.plugins.JvmPlugin))), Clause(Atom(sbt.plugins.SbtPlugin),Set(Atom(sbt.ScriptedPlugin))), Clause(Atom(sbt.plugins.SemanticdbPlugin),Set(Atom(sbt.plugins.JvmPlugin))), Clause(Atom(sbt.plugins.JUnitXmlReportPlugin),Set(Atom(sbt.plugins.JvmPlugin))), Clause(Atom(sbt.plugins.MiniDependencyTreePlugin),Set(Atom(sbt.plugins.JvmPlugin))), Clause(Atom(sbt.plugins.CorePlugin),Set(Atom(sbt.plugins.IvyPlugin))), Clause(Atom(sbt.plugins.IvyPlugin),Set(Atom(sbt.plugins.JvmPlugin))), Clause(Atom(sbt.plugins.JvmPlugin),Set(Atom(sbt.plugins.SemanticdbPlugin))), Clause(Atom(sbt.plugins.JvmPlugin),Set(Atom(sbt.plugins.JUnitXmlReportPlugin))), Clause(Atom(sbt.plugins.CorePlugin),Set(Atom(sbt.plugins.Giter8TemplatePlugin))), Clause(Atom(sbt.plugins.JvmPlugin),Set(Atom(sbt.plugins.MiniDependencyTreePlugin)))))
[debug]   :: deduced result: Matched(sbt.plugins.CorePlugin,sbt.plugins.Giter8TemplatePlugin,sbt.plugins.IvyPlugin,sbt.plugins.JvmPlugin,sbt.plugins.MiniDependencyTreePlugin,sbt.plugins.JUnitXmlReportPlugin,sbt.plugins.SemanticdbPlugin)
[debug] Plugins.deducer#function took 2.2469 ms
[debug]               Load.resolveProject(zd5_6-build) took 1.3624ms
[debug]             Load.loadTransitive: finalizeProject(Project(id zd5_6-build, base: C:\Users\Kamil\Desktop\teoria współbieżności\zd5_6\project, plugins: List(<none>))) took 4.3091ms
[debug] [Loading] Done in C:\Users\Kamil\Desktop\teoria współbieżności\zd5_6\project, returning: (zd5_6-build)
[debug]           Load.loadUnit: loadedProjectsRaw took 6.4378ms
[debug]           Load.loadUnit: cleanEvalClasses took 0.0282ms
[debug]         Load.loadUnit(file:/C:/Users/Kamil/Desktop/teoria%20współbieżności/zd5_6/project/, ...) took 34.6558ms
[debug]       Load.apply: load took 36.7623ms
[debug]       Load.apply: resolveProjects took 0.1665ms
[debug]       Load.apply: finalTransforms took 37.7751ms
[debug]       Load.apply: config.delegates took 0.4069ms
[debug]       Load.apply: Def.make(settings)... took 75.8104ms
[debug]       Load.apply: structureIndex took 27.1531ms
[debug]       Load.apply: mkStreams took 0.0026ms
[info] loading project definition from C:\Users\Kamil\Desktop\teoria współbieżności\zd5_6\project
[debug] Running task... Cancel: Signal, check cycles: false, forcegc: true
[debug]     Load.loadUnit: plugins took 2961.6346ms
[debug]     Load.loadUnit: defsScala took 0.0034ms
[debug] [Loading] Scanning directory C:\Users\Kamil\Desktop\teoria współbieżności\zd5_6
[debug]       Load.loadUnit: mkEval took 6.7903ms
[debug] [Loading] Found non-root projects 
[debug] [Loading] Done in C:\Users\Kamil\Desktop\teoria współbieżności\zd5_6, returning: ()
[debug] deducing auto plugins based on known facts Set(Atom(sbt.plugins.CorePlugin)) and clauses Clauses(List(Clause(Atom(sbt.plugins.JvmPlugin),Set(Atom(sbt.plugins.IvyPlugin))), Clause(Atom(sbt.ScriptedPlugin),Set(Atom(sbt.plugins.JvmPlugin))), Clause(Atom(sbt.plugins.SbtPlugin),Set(Atom(sbt.ScriptedPlugin))), Clause(Atom(sbt.plugins.SemanticdbPlugin),Set(Atom(sbt.plugins.JvmPlugin))), Clause(Atom(sbt.plugins.JUnitXmlReportPlugin),Set(Atom(sbt.plugins.JvmPlugin))), Clause(Atom(sbt.plugins.MiniDependencyTreePlugin),Set(Atom(sbt.plugins.JvmPlugin))), Clause(Atom(sbt.plugins.CorePlugin),Set(Atom(sbt.plugins.IvyPlugin))), Clause(Atom(sbt.plugins.IvyPlugin),Set(Atom(sbt.plugins.JvmPlugin))), Clause(Atom(sbt.plugins.JvmPlugin),Set(Atom(sbt.plugins.SemanticdbPlugin))), Clause(Atom(sbt.plugins.JvmPlugin),Set(Atom(sbt.plugins.JUnitXmlReportPlugin))), Clause(Atom(sbt.plugins.CorePlugin),Set(Atom(sbt.plugins.Giter8TemplatePlugin))), Clause(Atom(sbt.plugins.JvmPlugin),Set(Atom(sbt.plugins.MiniDependencyTreePlugin)))))
[debug]   :: deduced result: Matched(sbt.plugins.CorePlugin,sbt.plugins.Giter8TemplatePlugin,sbt.plugins.IvyPlugin,sbt.plugins.JvmPlugin,sbt.plugins.MiniDependencyTreePlugin,sbt.plugins.JUnitXmlReportPlugin,sbt.plugins.SemanticdbPlugin)
[debug] Plugins.deducer#function took 1.4781 ms
[info] loading settings for project zd5_6 from build.sbt ...
[debug]         Load.resolveProject(zd5_6) took 2.7031ms
[debug]       Load.loadTransitive: finalizeProject(Project(id zd5_6, base: C:\Users\Kamil\Desktop\teoria współbieżności\zd5_6, plugins: List(<none>))) took 4.7443ms
[debug] [Loading] Done in C:\Users\Kamil\Desktop\teoria współbieżności\zd5_6, returning: (zd5_6)
[debug]     Load.loadUnit: loadedProjectsRaw took 2473.8ms
[debug]     Load.loadUnit: cleanEvalClasses took 33.628ms
[debug]   Load.loadUnit(file:/C:/Users/Kamil/Desktop/teoria%20współbieżności/zd5_6/, ...) took 5470.3409ms
[debug] Load.apply: load took 5473.5995ms
[debug] Load.apply: resolveProjects took 0.1696ms
[debug] Load.apply: finalTransforms took 14.9495ms
[debug] Load.apply: config.delegates took 0.2663ms
[debug] Load.apply: Def.make(settings)... took 61.6146ms
[debug] Load.apply: structureIndex took 22.3862ms
[debug] Load.apply: mkStreams took 0.0031ms
[info] set current project to zd5_6 (in build file:/C:/Users/Kamil/Desktop/teoria%20współbieżności/zd5_6/)
[debug] > Exec(sbtPopOnFailure, None, None)
[debug] > Exec(resumeFromFailure, None, None)
[debug] > Exec(notifyUsersAboutShell, None, None)
[debug] > Exec(iflast shell, None, None)
[debug] > Exec(shell, None, None)
[info] sbt server started at local:sbt-server-6e799a99a2e7d35430ee
